Using pre-set license
Built from '2020.2/release' branch; Version is '2020.2.2f1 (068178b99f32) revision 426360'; Using compiler version '192528614'; Build Type 'Release'
OS: 'Windows 10 Pro; OS build 19042.1052; Version 2009; 64bit' Language: 'tr' Physical Memory: 16331 MB
BatchMode: 1, IsHumanControllingUs: 0, StartBugReporterOnCrash: 0, Is64bit: 1, IsPro: 0

 COMMAND LINE ARGUMENTS:
C:\Program Files\Unity\Hub\Editor\2020.2.2f1\Editor\Unity.exe
-adb2
-batchMode
-noUpm
-name
AssetImportWorker0
-projectPath
C:/Users/Fatih/TheTitan
-logFile
Logs/AssetImportWorker0.log
-srvPort
59691
Successfully changed project path to: C:/Users/Fatih/TheTitan
C:/Users/Fatih/TheTitan
Using Asset Import Pipeline V2.
Refreshing native plugins compatible for Editor in 36.83 ms, found 0 plugins.
Preloading 0 native plugins for Editor in 0.00 ms.
Initialize engine version: 2020.2.2f1 (068178b99f32)
[Subsystems] Discovering subsystems at path C:/Program Files/Unity/Hub/Editor/2020.2.2f1/Editor/Data/Resources/UnitySubsystems
[Subsystems] Discovering subsystems at path C:/Users/Fatih/TheTitan/Assets
GfxDevice: creating device client; threaded=0
Direct3D:
    Version:  Direct3D 11.0 [level 11.1]
    Renderer: NVIDIA GeForce GTX 1060 6GB (ID=0x1c03)
    Vendor:   
    VRAM:     6052 MB
    Driver:   27.21.14.6677
Initialize mono
Mono path[0] = 'C:/Program Files/Unity/Hub/Editor/2020.2.2f1/Editor/Data/Managed'
Mono path[1] = 'C:/Program Files/Unity/Hub/Editor/2020.2.2f1/Editor/Data/MonoBleedingEdge/lib/mono/unityjit'
Mono config path = 'C:/Program Files/Unity/Hub/Editor/2020.2.2f1/Editor/Data/MonoBleedingEdge/etc'
Using monoOptions --debugger-agent=transport=dt_socket,embedding=1,server=y,suspend=n,address=127.0.0.1:56936
Begin MonoManager ReloadAssembly
Registering precompiled unity dll's ...
Register platform support module: C:/Program Files/Unity/Hub/Editor/2020.2.2f1/Editor/Data/PlaybackEngines/WindowsStandaloneSupport/UnityEditor.WindowsStandalone.Extensions.dll
Registered in 0.001747 seconds.
Native extension for WindowsStandalone target not found
Refreshing native plugins compatible for Editor in 30.32 ms, found 0 plugins.
Preloading 0 native plugins for Editor in 0.00 ms.
Unable to find bridge dll in registry for Microsoft Visual Studio Tools for Unity for C:\Program Files (x86)\Microsoft Visual Studio\2017\Community\Common7\IDE\devenv.exe
Invoked RoslynAnalysisRunner static constructor.
RoslynAnalysisRunner will not be running.
RoslynAnalysisRunner has terminated.
Mono: successfully reloaded assembly
- Completed reload, in  1.715 seconds
Platform modules already initialized, skipping
Registering precompiled user dll's ...
Registered in 0.000795 seconds.
Begin MonoManager ReloadAssembly
Error: Could not load signature of Unity.Android.Logcat.AndroidLogcat:.ctor due to: Could not load file or assembly 'UnityEditor.Android.Extensions, Version=1.0.0.0, Culture=neutral, PublicKeyToken=null' or one of its dependencies. assembly:UnityEditor.Android.Extensions, Version=1.0.0.0, Culture=neutral, PublicKeyToken=null type:<unknown type> member:(null) signature:<none>

Unloading broken assembly Library/ScriptAssemblies/Unity.Mobile.AndroidLogcat.Editor.dll, this assembly can cause crashes in the runtime

Native extension for WindowsStandalone target not found
Refreshing native plugins compatible for Editor in 0.37 ms, found 0 plugins.
Preloading 0 native plugins for Editor in 0.00 ms.
Invoked RoslynAnalysisRunner static constructor.
RoslynAnalysisRunner will not be running.
RoslynAnalysisRunner has terminated.
Mono: successfully reloaded assembly
- Completed reload, in  0.716 seconds
Platform modules already initialized, skipping
========================================================================
Worker process is ready to serve import requests
Launched and connected shader compiler UnityShaderCompiler.exe after 0.04 seconds
Refreshing native plugins compatible for Editor in 0.37 ms, found 0 plugins.
Preloading 0 native plugins for Editor in 0.00 ms.
Unloading 1335 Unused Serialized files (Serialized files now loaded: 0)
System memory in use before: 143.7 MB.
System memory in use after: 143.5 MB.

Unloading 23 unused Assets to reduce memory usage. Loaded Objects now: 1772.
Total: 1.904000 ms (FindLiveObjects: 0.146000 ms CreateObjectMapping: 0.045800 ms MarkObjects: 1.419000 ms  DeleteObjects: 0.292300 ms)

========================================================================
Received Import Request.
  path: Assets/Scripts/lightFollow.cs
  artifactKey: Guid(08711c6d0b4446042bf4e9d32754547e) Importer(815301076,1909f56bfc062723c751e8b465ee728b)
Start importing Assets/Scripts/lightFollow.cs using Guid(08711c6d0b4446042bf4e9d32754547e) Importer(815301076,1909f56bfc062723c751e8b465ee728b)  -> (artifact id: 'dadb64bb3e67d3993e2af2ce5904d538') in 0.036784 seconds
  Import took 0.039913 seconds .

========================================================================
Received Import Request.
  Time since last request: 454.788002 seconds.
  path: Assets/AudioScript.cs
  artifactKey: Guid(606f4d873fdd04e49980e5929d25993d) Importer(815301076,1909f56bfc062723c751e8b465ee728b)
Start importing Assets/AudioScript.cs using Guid(606f4d873fdd04e49980e5929d25993d) Importer(815301076,1909f56bfc062723c751e8b465ee728b)  -> (artifact id: 'ef7ce25af1b39bb94b7e61cccf18746a') in 0.007300 seconds
  Import took 0.011283 seconds .

========================================================================
Received Import Request.
  Time since last request: 998.884852 seconds.
  path: Assets/Scripts/PlayerCamera.cs
  artifactKey: Guid(031b6616bcf6e51408d1b6a6966f304a) Importer(815301076,1909f56bfc062723c751e8b465ee728b)
Start importing Assets/Scripts/PlayerCamera.cs using Guid(031b6616bcf6e51408d1b6a6966f304a) Importer(815301076,1909f56bfc062723c751e8b465ee728b)  -> (artifact id: 'f78c2719301f540a9667a1f2db42500f') in 0.008532 seconds
  Import took 0.011403 seconds .

AssetImportWorkerClient::OnTransportError - code=2 error=End of file
